<?xml version="1.0" encoding="UTF-8"?>
<!-- Generated by org.testng.reporters.JUnitReportReporter -->
<testsuite hostname="Sudhersanansusa" failures="0" tests="2" name="com.Testng.Dependency" time="0.015" errors="0" timestamp="2022-04-22T12:54:20 IST" skipped="0">
  <testcase classname="com.Testng.Dependency" name="chicken_65" time="0.013"/>
  <system-out/>
  <testcase classname="com.Testng.Dependency" name="noodles" time="0.002"/>
  <system-out/>
</testsuite> <!-- com.Testng.Dependency -->
