<?xml version="1.0" encoding="UTF-8"?>
<!-- Generated by org.testng.reporters.JUnitReportReporter -->
<testsuite hostname="Sudhersanansusa" failures="0" tests="3" name="com.Testng.Priority" time="0.015" errors="0" timestamp="2022-04-22T13:08:25 IST" skipped="0">
  <testcase classname="com.Testng.Priority" name="noodles" time="0.012"/>
  <system-out/>
  <testcase classname="com.Testng.Priority" name="chicken_65" time="0.001"/>
  <system-out/>
  <testcase classname="com.Testng.Priority" name="briyani" time="0.002"/>
  <system-out/>
</testsuite> <!-- com.Testng.Priority -->
