<?xml version="1.0" encoding="UTF-8"?>
<!-- Generated by org.testng.reporters.JUnitReportReporter -->
<testsuite hostname="Sudhersanansusa" failures="0" tests="1" name="com.Testng.Parameterized_concept" time="0.011" errors="0" timestamp="2022-04-22T12:59:44 IST" skipped="0">
  <testcase classname="com.Testng.Parameterized_concept" name="log_in" time="0.011"/>
  <system-out/>
</testsuite> <!-- com.Testng.Parameterized_concept -->
