<?xml version="1.0" encoding="UTF-8"?>
<!-- Generated by org.testng.reporters.JUnitReportReporter -->
<testsuite hostname="Sudhersanansusa" failures="0" tests="1" name="com.Testng.Expected_exception" time="0.013" errors="0" timestamp="2022-04-22T12:55:03 IST" skipped="0">
  <testcase classname="com.Testng.Expected_exception" name="exception" time="0.013"/>
  <system-out/>
</testsuite> <!-- com.Testng.Expected_exception -->
