<?xml version="1.0" encoding="UTF-8"?>
<!-- Generated by org.testng.reporters.JUnitReportReporter -->
<testsuite hostname="Sudhersanansusa" failures="0" tests="3" name="com.Testng.Parallel_concept" time="0.017" errors="0" timestamp="2022-04-22T13:06:19 IST" skipped="0">
  <testcase classname="com.Testng.Parallel_concept" name="chicken_65" time="0.002"/>
  <system-out/>
  <testcase classname="com.Testng.Parallel_concept" name="briyani" time="0.013"/>
  <system-out/>
  <testcase classname="com.Testng.Parallel_concept" name="noodles" time="0.002"/>
  <system-out/>
</testsuite> <!-- com.Testng.Parallel_concept -->
