<?xml version="1.0" encoding="UTF-8"?>
<!-- Generated by org.testng.reporters.JUnitReportReporter -->
<testsuite hostname="Sudhersanansusa" failures="0" tests="2" name="com.Testng.Ignore" time="0.014" errors="0" timestamp="2022-04-22T12:57:03 IST" skipped="0">
  <testcase classname="com.Testng.Ignore" name="chicken_65" time="0.001"/>
  <system-out/>
  <testcase classname="com.Testng.Ignore" name="briyani" time="0.013"/>
  <system-out/>
</testsuite> <!-- com.Testng.Ignore -->
