<?xml version="1.0" encoding="UTF-8"?>
<!-- Generated by org.testng.reporters.JUnitReportReporter -->
<testsuite hostname="Sudhersanansusa" failures="0" tests="3" name="com.Testng.Parellel_concept" time="0.019" errors="0" timestamp="2022-04-22T13:04:11 IST" skipped="0">
  <testcase classname="com.Testng.Parellel_concept" name="chicken_65" time="0.002"/>
  <system-out/>
  <testcase classname="com.Testng.Parellel_concept" name="briyani" time="0.015"/>
  <system-out/>
  <testcase classname="com.Testng.Parellel_concept" name="noodles" time="0.002"/>
  <system-out/>
</testsuite> <!-- com.Testng.Parellel_concept -->
