<?xml version="1.0" encoding="UTF-8"?>
<!-- Generated by org.testng.reporters.JUnitReportReporter -->
<testsuite hostname="Sudhersanansusa" failures="0" tests="3" name="com.Testng.Simple_annotation" time="0.033" errors="0" timestamp="2022-04-22T13:09:14 IST" skipped="0">
  <testcase classname="com.Testng.Simple_annotation" name="Men" time="0.008"/>
  <system-out/>
  <testcase classname="com.Testng.Simple_annotation" name="women" time="0.008"/>
  <system-out/>
  <testcase classname="com.Testng.Simple_annotation" name="Kids" time="0.017"/>
  <system-out/>
</testsuite> <!-- com.Testng.Simple_annotation -->
