<?xml version="1.0" encoding="UTF-8"?>
<!-- Generated by org.testng.reporters.JUnitReportReporter -->
<testsuite hostname="Sudhersanansusa" failures="0" tests="1" name="com.Testng.Soft_assert" time="0.019" errors="0" timestamp="2022-04-22T12:56:24 IST" skipped="0">
  <testcase classname="com.Testng.Soft_assert" name="log_in" time="0.019"/>
  <system-out/>
</testsuite> <!-- com.Testng.Soft_assert -->
