<?xml version="1.0" encoding="UTF-8"?>
<!-- Generated by org.testng.reporters.JUnitReportReporter -->
<testsuite hostname="Sudhersanansusa" failures="0" tests="3" name="com.Testng.Data_provider_cocept" time="0.014" errors="0" timestamp="2022-04-22T12:50:23 IST" skipped="0">
  <testcase classname="com.Testng.Data_provider_cocept" name="log_in" time="0.002"/>
  <system-out/>
  <testcase classname="com.Testng.Data_provider_cocept" name="log_in" time="0.002"/>
  <system-out/>
  <testcase classname="com.Testng.Data_provider_cocept" name="log_in" time="0.010"/>
  <system-out/>
</testsuite> <!-- com.Testng.Data_provider_cocept -->
